2025-12-04 20:33:54,238 - INFO - Trip started. Initial state: 'stopped'.
2025-12-04 20:34:04,911 - INFO - The status has changed to 'moving'.
2025-12-04 20:34:20,490 - INFO - The status has changed to 'stopped'.
2025-12-04 20:35:17,677 - WARNING - Unknown command.
2025-12-04 20:35:30,549 - INFO - The status has changed to 'stopped'.
2025-12-04 20:35:38,687 - ERROR - Error: There are no active trips.
2025-12-04 20:35:44,139 - INFO - Trip started. Initial state: 'stopped'.
2025-12-04 20:35:47,027 - ERROR - Error: A trip is already in progress
2025-12-04 20:35:49,821 - INFO - The status has changed to 'moving'.
2025-12-04 20:35:52,529 - INFO - The status has changed to 'stopped'.
2025-12-04 20:36:11,450 - INFO - The status has changed to 'moving'.
2025-12-04 20:36:13,811 - INFO - The status has changed to 'stopped'.
2025-12-04 20:42:00,555 - INFO - Trip started. Initial state: 'stopped'.
2025-12-04 20:42:03,092 - INFO - The status has changed to 'moving'.
2025-12-04 20:42:08,263 - INFO - The status has changed to 'stopped'.
2025-12-04 20:42:10,568 - INFO - The status has changed to 'moving'.
2025-12-04 20:42:20,150 - INFO - The status has changed to 'stopped'.
2025-12-04 20:42:25,096 - INFO - Trip finished.
2025-12-04 20:42:27,369 - INFO - Trip started. Initial state: 'stopped'.
2025-12-04 20:42:28,913 - INFO - The status has changed to 'moving'.
2025-12-04 20:42:33,855 - INFO - Trip finished.
2025-12-04 20:42:36,397 - DEBUG - App closed. Come back soon.
2025-12-05 09:11:21,464 - INFO - Trip started. Initial state: 'stopped'.
2025-12-05 09:11:23,753 - INFO - The status has changed to 'moving'.
2025-12-05 09:11:34,166 - INFO - The status has changed to 'stopped'.
2025-12-05 09:11:39,338 - INFO - Trip finished.
2025-12-05 09:11:43,733 - DEBUG - App closed. Come back soon.
2025-12-05 09:13:27,728 - INFO - Trip started. Initial state: 'stopped'.
2025-12-05 09:13:29,374 - INFO - The status has changed to 'moving'.
2025-12-05 09:13:35,528 - INFO - The status has changed to 'stopped'.
2025-12-05 09:13:40,808 - INFO - Trip finished.
2025-12-05 09:18:05,480 - DEBUG - App closed. Come back soon.
2025-12-05 09:19:32,805 - INFO - Trip started. Initial state: 'stopped'.
2025-12-05 09:19:34,228 - INFO - The status has changed to 'moving'.
2025-12-05 09:21:11,658 - INFO - The status has changed to 'stopped'.
2025-12-05 09:21:15,309 - INFO - Trip finished.
2025-12-05 09:21:19,146 - DEBUG - App closed. Come back soon.
2025-12-05 12:48:05,944 - INFO - Trip started. Initial state: 'stopped'.
2025-12-05 12:48:07,967 - INFO - The status has changed to 'moving'.
2025-12-05 12:48:11,463 - INFO - The status has changed to 'stopped'.
2025-12-05 12:48:13,761 - INFO - The status has changed to 'moving'.
2025-12-05 12:48:18,316 - INFO - Trip finished.
2025-12-05 12:49:08,167 - DEBUG - App closed. Come back soon.
2025-12-05 12:49:14,474 - INFO - Trip started. Initial state: 'stopped'.
2025-12-05 12:49:16,237 - INFO - The status has changed to 'moving'.
2025-12-05 12:50:22,115 - INFO - Trip started. Initial state: 'stopped'.
2025-12-05 12:50:57,507 - INFO - Trip started. Initial state: 'stopped'.
2025-12-05 12:51:32,589 - INFO - Trip started. Initial state: 'stopped'.
2025-12-05 12:51:33,799 - INFO - The status has changed to 'moving'.
2025-12-05 12:51:36,922 - INFO - The status has changed to 'stopped'.
2025-12-05 12:51:38,237 - INFO - The status has changed to 'moving'.
2025-12-05 12:51:39,950 - INFO - The status has changed to 'stopped'.
2025-12-05 12:51:42,655 - INFO - Trip finished.
2025-12-05 12:54:05,541 - DEBUG - App closed. Come back soon.
2025-12-05 12:54:09,249 - INFO - Trip started. Initial state: 'stopped'.
2025-12-05 12:55:23,516 - INFO - Trip started. Initial state: 'stopped'.
2025-12-05 12:55:48,856 - INFO - Trip started. Initial state: 'stopped'.
2025-12-05 12:55:49,926 - INFO - The status has changed to 'moving'.
2025-12-05 12:55:52,756 - INFO - The status has changed to 'stopped'.
2025-12-05 12:55:55,570 - INFO - Trip finished.
2025-12-05 12:57:26,596 - INFO - Trip started. Initial state: 'stopped'.
2025-12-05 12:57:27,520 - INFO - The status has changed to 'moving'.
2025-12-05 12:57:32,675 - INFO - The status has changed to 'stopped'.
2025-12-05 12:57:36,051 - WARNING - Unknown command.
2025-12-05 12:57:43,366 - INFO - Trip finished.
2025-12-05 12:57:47,496 - DEBUG - App closed. Come back soon.
2025-12-05 15:37:33,061 - INFO - Trip started. Initial state: 'stopped'.
2025-12-05 15:37:35,175 - INFO - The status has changed to 'moving'.
2025-12-05 15:37:38,725 - INFO - The status has changed to 'stopped'.
2025-12-05 15:37:43,307 - INFO - The status has changed to 'moving'.
2025-12-05 15:37:46,262 - INFO - Trip finished.
2025-12-05 15:37:58,944 - INFO - Trip started. Initial state: 'stopped'.
2025-12-05 15:38:01,551 - INFO - The status has changed to 'moving'.
2025-12-05 15:38:03,946 - INFO - The status has changed to 'stopped'.
2025-12-05 15:38:07,321 - INFO - The status has changed to 'moving'.
2025-12-05 15:38:10,043 - INFO - Trip finished.
2025-12-05 15:38:14,356 - DEBUG - App closed. Come back soon.
2025-12-09 13:48:41,557 - INFO - Trip started. Initial state: 'stopped'.
2025-12-09 13:48:45,336 - INFO - The status has changed to 'moving'.
2025-12-09 13:48:51,663 - INFO - The status has changed to 'stopped'.
2025-12-09 13:48:55,962 - DEBUG - App closed. Come back soon.
2025-12-09 13:49:21,371 - INFO - Trip started. Initial state: 'stopped'.
2025-12-09 13:49:22,662 - INFO - The status has changed to 'moving'.
2025-12-09 13:49:26,048 - INFO - The status has changed to 'stopped'.
2025-12-09 13:49:28,205 - INFO - The status has changed to 'moving'.
2025-12-09 13:49:30,378 - INFO - The status has changed to 'stopped'.
2025-12-09 13:49:32,998 - INFO - Trip finished.
2025-12-09 13:49:41,121 - DEBUG - App closed. Come back soon.
2025-12-09 14:07:36,366 - INFO - Trip started. Initial state: 'stopped'.
2025-12-09 14:07:38,343 - INFO - The status has changed to 'moving'.
2025-12-09 14:07:39,979 - INFO - The status has changed to 'stopped'.
2025-12-09 14:07:44,064 - INFO - Trip finished.
2025-12-09 14:07:51,964 - DEBUG - App closed. Come back soon.
2025-12-09 15:03:40,248 - INFO - Trip started. Initial state: 'stopped'.
2025-12-09 15:03:42,532 - INFO - The status has changed to 'moving'.
2025-12-09 15:03:47,503 - INFO - The status has changed to 'stopped'.
2025-12-09 15:03:50,011 - INFO - Trip finished.
2025-12-09 15:03:54,257 - DEBUG - App closed. Come back soon.
2025-12-09 17:02:43,962 - INFO - Trip started. Initial state: 'stopped'.
2025-12-09 17:02:46,115 - INFO - The status has changed to 'moving'.
2025-12-09 17:02:48,049 - INFO - The status has changed to 'stopped'.
2025-12-09 17:02:50,783 - INFO - The status has changed to 'moving'.
2025-12-09 17:03:16,165 - INFO - Trip finished.
2025-12-09 17:03:27,765 - ERROR - You must start the trip first.
2025-12-09 17:03:30,732 - ERROR - You must start the trip first.
2025-12-09 17:03:55,315 - ERROR - There are no active trips.
2025-12-09 17:04:06,224 - DEBUG - App closed. Come back soon.
